# JRE version: OpenJDK Runtime Environment (8.0_242-b01) (build 1.8.0_242-release-1644-b01)
# Java VM: OpenJDK 64-Bit Server VM (25.242-b01 mixed mode windows-amd64 compressed oops)
Heap:
 PSYoungGen      total 224768K, used 224747K [0x00000000d5580000, 0x00000000e5080000, 0x0000000100000000)
  eden space 201216K, 100% used [0x00000000d5580000,0x00000000e1a00000,0x00000000e1a00000)
  from space 23552K, 99% used [0x00000000e3480000,0x00000000e4b7ae98,0x00000000e4b80000)
  to   space 27136K, 99% used [0x00000000e1a00000,0x00000000e347dbf8,0x00000000e3480000)
 ParOldGen       total 602112K, used 497440K [0x0000000080000000, 0x00000000a4c00000, 0x00000000d5580000)
  object space 602112K, 82% used [0x0000000080000000,0x000000009e5c8130,0x00000000a4c00000)
 Metaspace       used 79829K, capacity 83372K, committed 83608K, reserved 1122304K
  class space    used 10704K, capacity 11375K, committed 11440K, reserved 1048576K
GC Heap History (10 events):
Event: 14.775 GC heap after
Heap after GC invocations=11 (full 2):
 PSYoungGen      total 160256K, used 13803K [0x00000000d5580000, 0x00000000e2580000, 0x0000000100000000)
  eden space 146432K, 0% used [0x00000000d5580000,0x00000000d5580000,0x00000000de480000)
  from space 13824K, 99% used [0x00000000de480000,0x00000000df1faf20,0x00000000df200000)
  to   space 19968K, 0% used [0x00000000e1200000,0x00000000e1200000,0x00000000e2580000)
 ParOldGen       total 101888K, used 28599K [0x0000000080000000, 0x0000000086380000, 0x00000000d5580000)
  object space 101888K, 28% used [0x0000000080000000,0x0000000081beded8,0x0000000086380000)
 Metaspace       used 51995K, capacity 53856K, committed 54192K, reserved 1095680K
  class space    used 6867K, capacity 7291K, committed 7344K, reserved 1048576K
}
Event: 15.966 GC heap before
{Heap before GC invocations=12 (full 2):
 PSYoungGen      total 160256K, used 78880K [0x00000000d5580000, 0x00000000e2580000, 0x0000000100000000)
  eden space 146432K, 44% used [0x00000000d5580000,0x00000000d950d140,0x00000000de480000)
  from space 13824K, 99% used [0x00000000de480000,0x00000000df1faf20,0x00000000df200000)
  to   space 19968K, 0% used [0x00000000e1200000,0x00000000e1200000,0x00000000e2580000)
 ParOldGen       total 101888K, used 28599K [0x0000000080000000, 0x0000000086380000, 0x00000000d5580000)
  object space 101888K, 28% used [0x0000000080000000,0x0000000081beded8,0x0000000086380000)
 Metaspace       used 57058K, capacity 59078K, committed 59160K, reserved 1099776K
  class space    used 7467K, capacity 7963K, committed 7984K, reserved 1048576K
Event: 16.032 GC heap after
Heap after GC invocations=12 (full 2):
 PSYoungGen      total 189952K, used 19952K [0x00000000d5580000, 0x00000000e3780000, 0x0000000100000000)
  eden space 169984K, 0% used [0x00000000d5580000,0x00000000d5580000,0x00000000dfb80000)
  from space 19968K, 99% used [0x00000000e1200000,0x00000000e257c338,0x00000000e2580000)
  to   space 23040K, 0% used [0x00000000dfb80000,0x00000000dfb80000,0x00000000e1200000)
 ParOldGen       total 101888K, used 29973K [0x0000000080000000, 0x0000000086380000, 0x00000000d5580000)
  object space 101888K, 29% used [0x0000000080000000,0x0000000081d45528,0x0000000086380000)
 Metaspace       used 57058K, capacity 59078K, committed 59160K, reserved 1099776K
  class space    used 7467K, capacity 7963K, committed 7984K, reserved 1048576K
}
Event: 16.033 GC heap before
{Heap before GC invocations=13 (full 3):
 PSYoungGen      total 189952K, used 19952K [0x00000000d5580000, 0x00000000e3780000, 0x0000000100000000)
  eden space 169984K, 0% used [0x00000000d5580000,0x00000000d5580000,0x00000000dfb80000)
  from space 19968K, 99% used [0x00000000e1200000,0x00000000e257c338,0x00000000e2580000)
  to   space 23040K, 0% used [0x00000000dfb80000,0x00000000dfb80000,0x00000000e1200000)
 ParOldGen       total 101888K, used 29973K [0x0000000080000000, 0x0000000086380000, 0x00000000d5580000)
  object space 101888K, 29% used [0x0000000080000000,0x0000000081d45528,0x0000000086380000)
 Metaspace       used 57058K, capacity 59078K, committed 59160K, reserved 1099776K
  class space    used 7467K, capacity 7963K, committed 7984K, reserved 1048576K
Event: 16.460 GC heap after
Heap after GC invocations=13 (full 3):
 PSYoungGen      total 189952K, used 0K [0x00000000d5580000, 0x00000000e3780000, 0x0000000100000000)
  eden space 169984K, 0% used [0x00000000d5580000,0x00000000d5580000,0x00000000dfb80000)
  from space 19968K, 0% used [0x00000000e1200000,0x00000000e1200000,0x00000000e2580000)
  to   space 23040K, 0% used [0x00000000dfb80000,0x00000000dfb80000,0x00000000e1200000)
 ParOldGen       total 150528K, used 36005K [0x0000000080000000, 0x0000000089300000, 0x00000000d5580000)
  object space 150528K, 23% used [0x0000000080000000,0x0000000082329778,0x0000000089300000)
 Metaspace       used 57004K, capacity 58950K, committed 59160K, reserved 1099776K
  class space    used 7453K, capacity 7947K, committed 7984K, reserved 1048576K
}
Event: 19.895 GC heap before
{Heap before GC invocations=14 (full 3):
 PSYoungGen      total 189952K, used 169984K [0x00000000d5580000, 0x00000000e3780000, 0x0000000100000000)
  eden space 169984K, 100% used [0x00000000d5580000,0x00000000dfb80000,0x00000000dfb80000)
  from space 19968K, 0% used [0x00000000e1200000,0x00000000e1200000,0x00000000e2580000)
  to   space 23040K, 0% used [0x00000000dfb80000,0x00000000dfb80000,0x00000000e1200000)
 ParOldGen       total 150528K, used 36005K [0x0000000080000000, 0x0000000089300000, 0x00000000d5580000)
  object space 150528K, 23% used [0x0000000080000000,0x0000000082329778,0x0000000089300000)
 Metaspace       used 66561K, capacity 68912K, committed 69144K, reserved 1110016K
  class space    used 8907K, capacity 9469K, committed 9520K, reserved 1048576K
Event: 19.937 GC heap after
Heap after GC invocations=14 (full 3):
 PSYoungGen      total 193024K, used 15433K [0x00000000d5580000, 0x00000000e4b80000, 0x0000000100000000)
  eden space 169984K, 0% used [0x00000000d5580000,0x00000000d5580000,0x00000000dfb80000)
  from space 23040K, 66% used [0x00000000dfb80000,0x00000000e0a92648,0x00000000e1200000)
  to   space 23552K, 0% used [0x00000000e3480000,0x00000000e3480000,0x00000000e4b80000)
 ParOldGen       total 150528K, used 36013K [0x0000000080000000, 0x0000000089300000, 0x00000000d5580000)
  object space 150528K, 23% used [0x0000000080000000,0x000000008232b778,0x0000000089300000)
 Metaspace       used 66561K, capacity 68912K, committed 69144K, reserved 1110016K
  class space    used 8907K, capacity 9469K, committed 9520K, reserved 1048576K
}
Event: 24.149 GC heap before
{Heap before GC invocations=15 (full 3):
 PSYoungGen      total 193024K, used 185417K [0x00000000d5580000, 0x00000000e4b80000, 0x0000000100000000)
  eden space 169984K, 100% used [0x00000000d5580000,0x00000000dfb80000,0x00000000dfb80000)
  from space 23040K, 66% used [0x00000000dfb80000,0x00000000e0a92648,0x00000000e1200000)
  to   space 23552K, 0% used [0x00000000e3480000,0x00000000e3480000,0x00000000e4b80000)
 ParOldGen       total 150528K, used 36013K [0x0000000080000000, 0x0000000089300000, 0x00000000d5580000)
  object space 150528K, 23% used [0x0000000080000000,0x000000008232b778,0x0000000089300000)
 Metaspace       used 71465K, capacity 74528K, committed 74776K, reserved 1114112K
  class space    used 9584K, capacity 10199K, committed 10288K, reserved 1048576K
Event: 24.203 GC heap after
Heap after GC invocations=15 (full 3):
 PSYoungGen      total 224768K, used 23531K [0x00000000d5580000, 0x00000000e5080000, 0x0000000100000000)
  eden space 201216K, 0% used [0x00000000d5580000,0x00000000d5580000,0x00000000e1a00000)
  from space 23552K, 99% used [0x00000000e3480000,0x00000000e4b7ae98,0x00000000e4b80000)
  to   space 27136K, 0% used [0x00000000e1a00000,0x00000000e1a00000,0x00000000e3480000)
 ParOldGen       total 150528K, used 36393K [0x0000000080000000, 0x0000000089300000, 0x00000000d5580000)
  object space 150528K, 24% used [0x0000000080000000,0x000000008238a5b8,0x0000000089300000)
 Metaspace       used 71465K, capacity 74528K, committed 74776K, reserved 1114112K
  class space    used 9584K, capacity 10199K, committed 10288K, reserved 1048576K
}
Event: 28.100 GC heap before
{Heap before GC invocations=16 (full 3):
 PSYoungGen      total 224768K, used 224747K [0x00000000d5580000, 0x00000000e5080000, 0x0000000100000000)
  eden space 201216K, 100% used [0x00000000d5580000,0x00000000e1a00000,0x00000000e1a00000)
  from space 23552K, 99% used [0x00000000e3480000,0x00000000e4b7ae98,0x00000000e4b80000)
  to   space 27136K, 0% used [0x00000000e1a00000,0x00000000e1a00000,0x00000000e3480000)
 ParOldGen       total 150528K, used 36393K [0x0000000080000000, 0x0000000089300000, 0x00000000d5580000)
  object space 150528K, 24% used [0x0000000080000000,0x000000008238a5b8,0x0000000089300000)
 Metaspace       used 79829K, capacity 83372K, committed 83608K, reserved 1122304K
  class space    used 10704K, capacity 11375K, committed 11440K, reserved 1048576K

