# JRE version: OpenJDK Runtime Environment (8.0_242-b01) (build 1.8.0_242-release-1644-b01)
# Java VM: OpenJDK 64-Bit Server VM (25.242-b01 mixed mode windows-amd64 compressed oops)
Heap:
 PSYoungGen      total 599552K, used 5487K [0x00000000d5580000, 0x0000000100000000, 0x0000000100000000)
  eden space 501248K, 0% used [0x00000000d5580000,0x00000000d5580000,0x00000000f3f00000)
  from space 98304K, 5% used [0x00000000fa000000,0x00000000fa55bd20,0x0000000100000000)
  to   space 98816K, 0% used [0x00000000f3f00000,0x00000000f3f00000,0x00000000f9f80000)
 ParOldGen       total 394752K, used 360053K [0x0000000080000000, 0x0000000098180000, 0x00000000d5580000)
  object space 394752K, 91% used [0x0000000080000000,0x0000000095f9d738,0x0000000098180000)
 Metaspace       used 141017K, capacity 148616K, committed 148888K, reserved 1179648K
  class space    used 17803K, capacity 19340K, committed 19368K, reserved 1048576K
GC Heap History (10 events):
Event: 416.456 GC heap after
Heap after GC invocations=33 (full 5):
 PSYoungGen      total 504320K, used 66531K [0x00000000d5580000, 0x00000000fa180000, 0x0000000100000000)
  eden space 437760K, 0% used [0x00000000d5580000,0x00000000d5580000,0x00000000f0100000)
  from space 66560K, 99% used [0x00000000f4e00000,0x00000000f8ef8cb0,0x00000000f8f00000)
  to   space 78848K, 0% used [0x00000000f0100000,0x00000000f0100000,0x00000000f4e00000)
 ParOldGen       total 394752K, used 217913K [0x0000000080000000, 0x0000000098180000, 0x00000000d5580000)
  object space 394752K, 55% used [0x0000000080000000,0x000000008d4ce740,0x0000000098180000)
 Metaspace       used 135727K, capacity 142928K, committed 143256K, reserved 1173504K
  class space    used 17310K, capacity 18744K, committed 18856K, reserved 1048576K
}
Event: 419.898 GC heap before
{Heap before GC invocations=34 (full 5):
 PSYoungGen      total 504320K, used 504291K [0x00000000d5580000, 0x00000000fa180000, 0x0000000100000000)
  eden space 437760K, 100% used [0x00000000d5580000,0x00000000f0100000,0x00000000f0100000)
  from space 66560K, 99% used [0x00000000f4e00000,0x00000000f8ef8cb0,0x00000000f8f00000)
  to   space 78848K, 0% used [0x00000000f0100000,0x00000000f0100000,0x00000000f4e00000)
 ParOldGen       total 394752K, used 217913K [0x0000000080000000, 0x0000000098180000, 0x00000000d5580000)
  object space 394752K, 55% used [0x0000000080000000,0x000000008d4ce740,0x0000000098180000)
 Metaspace       used 136013K, capacity 143220K, committed 143512K, reserved 1173504K
  class space    used 17318K, capacity 18746K, committed 18856K, reserved 1048576K
Event: 420.304 GC heap after
Heap after GC invocations=34 (full 5):
 PSYoungGen      total 516608K, used 22175K [0x00000000d5580000, 0x00000000fe900000, 0x0000000100000000)
  eden space 437760K, 0% used [0x00000000d5580000,0x00000000d5580000,0x00000000f0100000)
  from space 78848K, 28% used [0x00000000f0100000,0x00000000f16a7d08,0x00000000f4e00000)
  to   space 76800K, 0% used [0x00000000f9e00000,0x00000000f9e00000,0x00000000fe900000)
 ParOldGen       total 394752K, used 278324K [0x0000000080000000, 0x0000000098180000, 0x00000000d5580000)
  object space 394752K, 70% used [0x0000000080000000,0x0000000090fcd210,0x0000000098180000)
 Metaspace       used 136013K, capacity 143220K, committed 143512K, reserved 1173504K
  class space    used 17318K, capacity 18746K, committed 18856K, reserved 1048576K
}
Event: 465.110 GC heap before
{Heap before GC invocations=35 (full 5):
 PSYoungGen      total 516608K, used 459935K [0x00000000d5580000, 0x00000000fe900000, 0x0000000100000000)
  eden space 437760K, 100% used [0x00000000d5580000,0x00000000f0100000,0x00000000f0100000)
  from space 78848K, 28% used [0x00000000f0100000,0x00000000f16a7d08,0x00000000f4e00000)
  to   space 76800K, 0% used [0x00000000f9e00000,0x00000000f9e00000,0x00000000fe900000)
 ParOldGen       total 394752K, used 278324K [0x0000000080000000, 0x0000000098180000, 0x00000000d5580000)
  object space 394752K, 70% used [0x0000000080000000,0x0000000090fcd210,0x0000000098180000)
 Metaspace       used 139977K, capacity 147372K, committed 147480K, reserved 1177600K
  class space    used 17719K, capacity 19228K, committed 19240K, reserved 1048576K
Event: 465.344 GC heap after
Heap after GC invocations=35 (full 5):
 PSYoungGen      total 578048K, used 40429K [0x00000000d5580000, 0x00000000fdd00000, 0x0000000100000000)
  eden space 513536K, 0% used [0x00000000d5580000,0x00000000d5580000,0x00000000f4b00000)
  from space 64512K, 62% used [0x00000000f9e00000,0x00000000fc57b6d8,0x00000000fdd00000)
  to   space 74752K, 0% used [0x00000000f4b00000,0x00000000f4b00000,0x00000000f9400000)
 ParOldGen       total 394752K, used 294324K [0x0000000080000000, 0x0000000098180000, 0x00000000d5580000)
  object space 394752K, 74% used [0x0000000080000000,0x0000000091f6d2f8,0x0000000098180000)
 Metaspace       used 139977K, capacity 147372K, committed 147480K, reserved 1177600K
  class space    used 17719K, capacity 19228K, committed 19240K, reserved 1048576K
}
Event: 471.043 GC heap before
{Heap before GC invocations=36 (full 5):
 PSYoungGen      total 578048K, used 553965K [0x00000000d5580000, 0x00000000fdd00000, 0x0000000100000000)
  eden space 513536K, 100% used [0x00000000d5580000,0x00000000f4b00000,0x00000000f4b00000)
  from space 64512K, 62% used [0x00000000f9e00000,0x00000000fc57b6d8,0x00000000fdd00000)
  to   space 74752K, 0% used [0x00000000f4b00000,0x00000000f4b00000,0x00000000f9400000)
 ParOldGen       total 394752K, used 294324K [0x0000000080000000, 0x0000000098180000, 0x00000000d5580000)
  object space 394752K, 74% used [0x0000000080000000,0x0000000091f6d2f8,0x0000000098180000)
 Metaspace       used 140682K, capacity 148154K, committed 148376K, reserved 1177600K
  class space    used 17769K, capacity 19285K, committed 19368K, reserved 1048576K
Event: 471.273 GC heap after
Heap after GC invocations=36 (full 5):
 PSYoungGen      total 588288K, used 74747K [0x00000000d5580000, 0x0000000100000000, 0x0000000100000000)
  eden space 513536K, 0% used [0x00000000d5580000,0x00000000d5580000,0x00000000f4b00000)
  from space 74752K, 99% used [0x00000000f4b00000,0x00000000f93fee18,0x00000000f9400000)
  to   space 98304K, 0% used [0x00000000fa000000,0x00000000fa000000,0x0000000100000000)
 ParOldGen       total 394752K, used 327728K [0x0000000080000000, 0x0000000098180000, 0x00000000d5580000)
  object space 394752K, 83% used [0x0000000080000000,0x000000009400c310,0x0000000098180000)
 Metaspace       used 140682K, capacity 148154K, committed 148376K, reserved 1177600K
  class space    used 17769K, capacity 19285K, committed 19368K, reserved 1048576K
}
Event: 485.293 GC heap before
{Heap before GC invocations=37 (full 5):
 PSYoungGen      total 588288K, used 588283K [0x00000000d5580000, 0x0000000100000000, 0x0000000100000000)
  eden space 513536K, 100% used [0x00000000d5580000,0x00000000f4b00000,0x00000000f4b00000)
  from space 74752K, 99% used [0x00000000f4b00000,0x00000000f93fee18,0x00000000f9400000)
  to   space 98304K, 0% used [0x00000000fa000000,0x00000000fa000000,0x0000000100000000)
 ParOldGen       total 394752K, used 327728K [0x0000000080000000, 0x0000000098180000, 0x00000000d5580000)
  object space 394752K, 83% used [0x0000000080000000,0x000000009400c310,0x0000000098180000)
 Metaspace       used 141017K, capacity 148616K, committed 148888K, reserved 1179648K
  class space    used 17803K, capacity 19340K, committed 19368K, reserved 1048576K
Event: 485.480 GC heap after
Heap after GC invocations=37 (full 5):
 PSYoungGen      total 599552K, used 5487K [0x00000000d5580000, 0x0000000100000000, 0x0000000100000000)
  eden space 501248K, 0% used [0x00000000d5580000,0x00000000d5580000,0x00000000f3f00000)
  from space 98304K, 5% used [0x00000000fa000000,0x00000000fa55bd20,0x0000000100000000)
  to   space 98816K, 0% used [0x00000000f3f00000,0x00000000f3f00000,0x00000000f9f80000)
 ParOldGen       total 394752K, used 360053K [0x0000000080000000, 0x0000000098180000, 0x00000000d5580000)
  object space 394752K, 91% used [0x0000000080000000,0x0000000095f9d738,0x0000000098180000)
 Metaspace       used 141017K, capacity 148616K, committed 148888K, reserved 1179648K
  class space    used 17803K, capacity 19340K, committed 19368K, reserved 1048576K
}
Event: 485.480 GC heap before
{Heap before GC invocations=38 (full 6):
 PSYoungGen      total 599552K, used 5487K [0x00000000d5580000, 0x0000000100000000, 0x0000000100000000)
  eden space 501248K, 0% used [0x00000000d5580000,0x00000000d5580000,0x00000000f3f00000)
  from space 98304K, 5% used [0x00000000fa000000,0x00000000fa55bd20,0x0000000100000000)
  to   space 98816K, 0% used [0x00000000f3f00000,0x00000000f3f00000,0x00000000f9f80000)
 ParOldGen       total 394752K, used 360053K [0x0000000080000000, 0x0000000098180000, 0x00000000d5580000)
  object space 394752K, 91% used [0x0000000080000000,0x0000000095f9d738,0x0000000098180000)
 Metaspace       used 141017K, capacity 148616K, committed 148888K, reserved 1179648K
  class space    used 17803K, capacity 19340K, committed 19368K, reserved 1048576K

