# JRE version: OpenJDK Runtime Environment (8.0_242-b01) (build 1.8.0_242-release-1644-b01)
# Java VM: OpenJDK 64-Bit Server VM (25.242-b01 mixed mode windows-amd64 compressed oops)
Heap:
 PSYoungGen      total 574976K, used 513819K [0x00000000d5580000, 0x00000000ff480000, 0x0000000100000000)
  eden space 478208K, 100% used [0x00000000d5580000,0x00000000f2880000,0x00000000f2880000)
  from space 96768K, 36% used [0x00000000f9600000,0x00000000fb8c6da0,0x00000000ff480000)
  to   space 104448K, 27% used [0x00000000f2880000,0x00000000f44f6710,0x00000000f8e80000)
 ParOldGen       total 361984K, used 167988K [0x0000000080000000, 0x0000000096180000, 0x00000000d5580000)
  object space 361984K, 46% used [0x0000000080000000,0x000000008a40d050,0x0000000096180000)
 Metaspace       used 195234K, capacity 206344K, committed 207400K, reserved 1228800K
  class space    used 25078K, capacity 27048K, committed 27560K, reserved 1048576K
GC Heap History (10 events):
Event: 3507.603 GC heap after
Heap after GC invocations=38 (full 6):
 PSYoungGen      total 553472K, used 0K [0x00000000d5580000, 0x0000000100000000, 0x0000000100000000)
  eden space 456192K, 0% used [0x00000000d5580000,0x00000000d5580000,0x00000000f1300000)
  from space 97280K, 0% used [0x00000000fa100000,0x00000000fa100000,0x0000000100000000)
  to   space 121344K, 0% used [0x00000000f1300000,0x00000000f1300000,0x00000000f8980000)
 ParOldGen       total 361984K, used 167948K [0x0000000080000000, 0x0000000096180000, 0x00000000d5580000)
  object space 361984K, 46% used [0x0000000080000000,0x000000008a403050,0x0000000096180000)
 Metaspace       used 192203K, capacity 201432K, committed 207400K, reserved 1228800K
  class space    used 24754K, capacity 26444K, committed 27560K, reserved 1048576K
}
Event: 3539.957 GC heap before
{Heap before GC invocations=39 (full 6):
 PSYoungGen      total 553472K, used 456192K [0x00000000d5580000, 0x0000000100000000, 0x0000000100000000)
  eden space 456192K, 100% used [0x00000000d5580000,0x00000000f1300000,0x00000000f1300000)
  from space 97280K, 0% used [0x00000000fa100000,0x00000000fa100000,0x0000000100000000)
  to   space 121344K, 0% used [0x00000000f1300000,0x00000000f1300000,0x00000000f8980000)
 ParOldGen       total 361984K, used 167948K [0x0000000080000000, 0x0000000096180000, 0x00000000d5580000)
  object space 361984K, 46% used [0x0000000080000000,0x000000008a403050,0x0000000096180000)
 Metaspace       used 193326K, capacity 202810K, committed 207400K, reserved 1228800K
  class space    used 24810K, capacity 26561K, committed 27560K, reserved 1048576K
Event: 3540.040 GC heap after
Heap after GC invocations=39 (full 6):
 PSYoungGen      total 577536K, used 29180K [0x00000000d5580000, 0x0000000100000000, 0x0000000100000000)
  eden space 456192K, 0% used [0x00000000d5580000,0x00000000d5580000,0x00000000f1300000)
  from space 121344K, 24% used [0x00000000f1300000,0x00000000f2f7f1c0,0x00000000f8980000)
  to   space 118784K, 0% used [0x00000000f8c00000,0x00000000f8c00000,0x0000000100000000)
 ParOldGen       total 361984K, used 167956K [0x0000000080000000, 0x0000000096180000, 0x00000000d5580000)
  object space 361984K, 46% used [0x0000000080000000,0x000000008a405050,0x0000000096180000)
 Metaspace       used 193326K, capacity 202810K, committed 207400K, reserved 1228800K
  class space    used 24810K, capacity 26561K, committed 27560K, reserved 1048576K
}
Event: 3831.235 GC heap before
{Heap before GC invocations=40 (full 6):
 PSYoungGen      total 577536K, used 485372K [0x00000000d5580000, 0x0000000100000000, 0x0000000100000000)
  eden space 456192K, 100% used [0x00000000d5580000,0x00000000f1300000,0x00000000f1300000)
  from space 121344K, 24% used [0x00000000f1300000,0x00000000f2f7f1c0,0x00000000f8980000)
  to   space 118784K, 0% used [0x00000000f8c00000,0x00000000f8c00000,0x0000000100000000)
 ParOldGen       total 361984K, used 167956K [0x0000000080000000, 0x0000000096180000, 0x00000000d5580000)
  object space 361984K, 46% used [0x0000000080000000,0x000000008a405050,0x0000000096180000)
 Metaspace       used 194243K, capacity 204544K, committed 207400K, reserved 1228800K
  class space    used 24959K, capacity 26836K, committed 27560K, reserved 1048576K
Event: 3831.313 GC heap after
Heap after GC invocations=40 (full 6):
 PSYoungGen      total 562688K, used 46787K [0x00000000d5580000, 0x00000000ff180000, 0x0000000100000000)
  eden space 458752K, 0% used [0x00000000d5580000,0x00000000d5580000,0x00000000f1580000)
  from space 103936K, 45% used [0x00000000f8c00000,0x00000000fb9b0d90,0x00000000ff180000)
  to   space 112640K, 0% used [0x00000000f1580000,0x00000000f1580000,0x00000000f8380000)
 ParOldGen       total 361984K, used 167964K [0x0000000080000000, 0x0000000096180000, 0x00000000d5580000)
  object space 361984K, 46% used [0x0000000080000000,0x000000008a407050,0x0000000096180000)
 Metaspace       used 194243K, capacity 204544K, committed 207400K, reserved 1228800K
  class space    used 24959K, capacity 26836K, committed 27560K, reserved 1048576K
}
Event: 4052.228 GC heap before
{Heap before GC invocations=41 (full 6):
 PSYoungGen      total 562688K, used 505539K [0x00000000d5580000, 0x00000000ff180000, 0x0000000100000000)
  eden space 458752K, 100% used [0x00000000d5580000,0x00000000f1580000,0x00000000f1580000)
  from space 103936K, 45% used [0x00000000f8c00000,0x00000000fb9b0d90,0x00000000ff180000)
  to   space 112640K, 0% used [0x00000000f1580000,0x00000000f1580000,0x00000000f8380000)
 ParOldGen       total 361984K, used 167964K [0x0000000080000000, 0x0000000096180000, 0x00000000d5580000)
  object space 361984K, 46% used [0x0000000080000000,0x000000008a407050,0x0000000096180000)
 Metaspace       used 194511K, capacity 204990K, committed 207400K, reserved 1228800K
  class space    used 24989K, capacity 26889K, committed 27560K, reserved 1048576K
Event: 4052.326 GC heap after
Heap after GC invocations=41 (full 6):
 PSYoungGen      total 571392K, used 41360K [0x00000000d5580000, 0x00000000fff80000, 0x0000000100000000)
  eden space 458752K, 0% used [0x00000000d5580000,0x00000000d5580000,0x00000000f1580000)
  from space 112640K, 36% used [0x00000000f1580000,0x00000000f3de4000,0x00000000f8380000)
  to   space 108032K, 0% used [0x00000000f9600000,0x00000000f9600000,0x00000000fff80000)
 ParOldGen       total 361984K, used 167972K [0x0000000080000000, 0x0000000096180000, 0x00000000d5580000)
  object space 361984K, 46% used [0x0000000080000000,0x000000008a409050,0x0000000096180000)
 Metaspace       used 194511K, capacity 204990K, committed 207400K, reserved 1228800K
  class space    used 24989K, capacity 26889K, committed 27560K, reserved 1048576K
}
Event: 4224.497 GC heap before
{Heap before GC invocations=42 (full 6):
 PSYoungGen      total 571392K, used 500112K [0x00000000d5580000, 0x00000000fff80000, 0x0000000100000000)
  eden space 458752K, 100% used [0x00000000d5580000,0x00000000f1580000,0x00000000f1580000)
  from space 112640K, 36% used [0x00000000f1580000,0x00000000f3de4000,0x00000000f8380000)
  to   space 108032K, 0% used [0x00000000f9600000,0x00000000f9600000,0x00000000fff80000)
 ParOldGen       total 361984K, used 167972K [0x0000000080000000, 0x0000000096180000, 0x00000000d5580000)
  object space 361984K, 46% used [0x0000000080000000,0x000000008a409050,0x0000000096180000)
 Metaspace       used 194961K, capacity 205792K, committed 207400K, reserved 1228800K
  class space    used 25038K, capacity 26978K, committed 27560K, reserved 1048576K
Event: 4224.558 GC heap after
Heap after GC invocations=42 (full 6):
 PSYoungGen      total 574976K, used 35611K [0x00000000d5580000, 0x00000000ff480000, 0x0000000100000000)
  eden space 478208K, 0% used [0x00000000d5580000,0x00000000d5580000,0x00000000f2880000)
  from space 96768K, 36% used [0x00000000f9600000,0x00000000fb8c6da0,0x00000000ff480000)
  to   space 104448K, 0% used [0x00000000f2880000,0x00000000f2880000,0x00000000f8e80000)
 ParOldGen       total 361984K, used 167980K [0x0000000080000000, 0x0000000096180000, 0x00000000d5580000)
  object space 361984K, 46% used [0x0000000080000000,0x000000008a40b050,0x0000000096180000)
 Metaspace       used 194961K, capacity 205792K, committed 207400K, reserved 1228800K
  class space    used 25038K, capacity 26978K, committed 27560K, reserved 1048576K
}
Event: 4565.132 GC heap before
{Heap before GC invocations=43 (full 6):
 PSYoungGen      total 574976K, used 513819K [0x00000000d5580000, 0x00000000ff480000, 0x0000000100000000)
  eden space 478208K, 100% used [0x00000000d5580000,0x00000000f2880000,0x00000000f2880000)
  from space 96768K, 36% used [0x00000000f9600000,0x00000000fb8c6da0,0x00000000ff480000)
  to   space 104448K, 0% used [0x00000000f2880000,0x00000000f2880000,0x00000000f8e80000)
 ParOldGen       total 361984K, used 167980K [0x0000000080000000, 0x0000000096180000, 0x00000000d5580000)
  object space 361984K, 46% used [0x0000000080000000,0x000000008a40b050,0x0000000096180000)
 Metaspace       used 195234K, capacity 206344K, committed 207400K, reserved 1228800K
  class space    used 25078K, capacity 27048K, committed 27560K, reserved 1048576K

